# JRE version: Java(TM) SE Runtime Environment (21.0.4+8) (build 21.0.4+8-LTS-274)
# Java VM: Java HotSpot(TM) 64-Bit Server VM (21.0.4+8-LTS-274, mixed mode, sharing, tiered, compressed oops, compressed class ptrs, g1 gc, linux-amd64)
Heap:
 garbage-first heap   total 245760K, used 123704K [0x0000000713800000, 0x0000000800000000)
  region size 2048K, 12 young (24576K), 3 survivors (6144K)
 Metaspace       used 10520K, committed 10816K, reserved 1114112K
  class space    used 980K, committed 1152K, reserved 1048576K
GC Heap History (6 events):
Event: 1,043 GC heap before
{Heap before GC invocations=0 (full 0):
 garbage-first heap   total 245760K, used 27679K [0x0000000713800000, 0x0000000800000000)
  region size 2048K, 11 young (22528K), 0 survivors (0K)
 Metaspace       used 9255K, committed 9536K, reserved 1114112K
  class space    used 932K, committed 1024K, reserved 1048576K
}
Event: 1,046 GC heap after
{Heap after GC invocations=1 (full 0):
 garbage-first heap   total 245760K, used 8016K [0x0000000713800000, 0x0000000800000000)
  region size 2048K, 2 young (4096K), 2 survivors (4096K)
 Metaspace       used 9255K, committed 9536K, reserved 1114112K
  class space    used 932K, committed 1024K, reserved 1048576K
}
Event: 10,903 GC heap before
{Heap before GC invocations=1 (full 0):
 garbage-first heap   total 245760K, used 104272K [0x0000000713800000, 0x0000000800000000)
  region size 2048K, 32 young (65536K), 2 survivors (4096K)
 Metaspace       used 10269K, committed 10496K, reserved 1114112K
  class space    used 976K, committed 1088K, reserved 1048576K
}
Event: 10,908 GC heap after
{Heap after GC invocations=2 (full 0):
 garbage-first heap   total 245760K, used 80508K [0x0000000713800000, 0x0000000800000000)
  region size 2048K, 4 young (8192K), 4 survivors (8192K)
 Metaspace       used 10269K, committed 10496K, reserved 1114112K
  class space    used 976K, committed 1088K, reserved 1048576K
}
Event: 16,502 GC heap before
{Heap before GC invocations=2 (full 0):
 garbage-first heap   total 245760K, used 111228K [0x0000000713800000, 0x0000000800000000)
  region size 2048K, 20 young (40960K), 4 survivors (8192K)
 Metaspace       used 10385K, committed 10624K, reserved 1114112K
  class space    used 976K, committed 1088K, reserved 1048576K
}
Event: 16,507 GC heap after
{Heap after GC invocations=3 (full 0):
 garbage-first heap   total 245760K, used 106853K [0x0000000713800000, 0x0000000800000000)
  region size 2048K, 3 young (6144K), 3 survivors (6144K)
 Metaspace       used 10385K, committed 10624K, reserved 1114112K
  class space    used 976K, committed 1088K, reserved 1048576K
}

