# JRE version: Java(TM) SE Runtime Environment (21.0.4+8) (build 21.0.4+8-LTS-274)
# Java VM: Java HotSpot(TM) 64-Bit Server VM (21.0.4+8-LTS-274, mixed mode, sharing, tiered, compressed oops, compressed class ptrs, g1 gc, linux-amd64)
Heap:
 garbage-first heap   total 245760K, used 122991K [0x0000000713800000, 0x0000000800000000)
  region size 2048K, 11 young (22528K), 3 survivors (6144K)
 Metaspace       used 10413K, committed 10688K, reserved 1114112K
  class space    used 980K, committed 1152K, reserved 1048576K
GC Heap History (6 events):
Event: 1,395 GC heap before
{Heap before GC invocations=0 (full 0):
 garbage-first heap   total 245760K, used 27679K [0x0000000713800000, 0x0000000800000000)
  region size 2048K, 11 young (22528K), 0 survivors (0K)
 Metaspace       used 9268K, committed 9536K, reserved 1114112K
  class space    used 933K, committed 1024K, reserved 1048576K
}
Event: 1,397 GC heap after
{Heap after GC invocations=1 (full 0):
 garbage-first heap   total 245760K, used 8158K [0x0000000713800000, 0x0000000800000000)
  region size 2048K, 2 young (4096K), 2 survivors (4096K)
 Metaspace       used 9268K, committed 9536K, reserved 1114112K
  class space    used 933K, committed 1024K, reserved 1048576K
}
Event: 8,313 GC heap before
{Heap before GC invocations=1 (full 0):
 garbage-first heap   total 245760K, used 104414K [0x0000000713800000, 0x0000000800000000)
  region size 2048K, 32 young (65536K), 2 survivors (4096K)
 Metaspace       used 10220K, committed 10432K, reserved 1114112K
  class space    used 976K, committed 1088K, reserved 1048576K
}
Event: 8,318 GC heap after
{Heap after GC invocations=2 (full 0):
 garbage-first heap   total 245760K, used 81854K [0x0000000713800000, 0x0000000800000000)
  region size 2048K, 4 young (8192K), 4 survivors (8192K)
 Metaspace       used 10220K, committed 10432K, reserved 1114112K
  class space    used 976K, committed 1088K, reserved 1048576K
}
Event: 13,419 GC heap before
{Heap before GC invocations=2 (full 0):
 garbage-first heap   total 245760K, used 112574K [0x0000000713800000, 0x0000000800000000)
  region size 2048K, 20 young (40960K), 4 survivors (8192K)
 Metaspace       used 10314K, committed 10560K, reserved 1114112K
  class space    used 976K, committed 1088K, reserved 1048576K
}
Event: 13,424 GC heap after
{Heap after GC invocations=3 (full 0):
 garbage-first heap   total 245760K, used 108453K [0x0000000713800000, 0x0000000800000000)
  region size 2048K, 3 young (6144K), 3 survivors (6144K)
 Metaspace       used 10314K, committed 10560K, reserved 1114112K
  class space    used 976K, committed 1088K, reserved 1048576K
}

